
> cbt-assistant@1.2.0 start
> react-scripts start

(node:4293) [DEP_WEBPACK_DEV_SERVER_ON_AFTER_SETUP_MIDDLEWARE] DeprecationWarning: 'onAfterSetupMiddleware' option is deprecated. Please use the 'setupMiddlewares' option.
(Use `node --trace-deprecation ...` to show where the warning was created)
(node:4293) [DEP_WEBPACK_DEV_SERVER_ON_BEFORE_SETUP_MIDDLEWARE] DeprecationWarning: 'onBeforeSetupMiddleware' option is deprecated. Please use the 'setupMiddlewares' option.
Starting the development server...

Compiled successfully!

You can now view cbt-assistant in the browser.

  Local:            http://localhost:3000
  On Your Network:  http://192.168.0.2:3000

Note that the development build is not optimized.
To create a production build, use npm run build.

webpack compiled successfully
Compiling...
Compiled successfully!
webpack compiled successfully
Compiling...
Compiled successfully!
webpack compiled successfully
Compiling...
Compiled successfully!
webpack compiled successfully
Failed to compile.

Error: ENOENT: no such file or directory, open '/app/node_modules/axios/index.js'
LOG from webpack.FileSystemInfo
<w> Managed item /app/node_modules/react-router-dom isn't a directory or doesn't contain a package.json (see snapshot.managedPaths option)
<w> Managed item /app/node_modules/axios isn't a directory or doesn't contain a package.json (see snapshot.managedPaths option)
+ 9 hidden lines

ERROR in ./node_modules/axios/index.js
Module build failed (from ./node_modules/source-map-loader/dist/cjs.js):
Error: ENOENT: no such file or directory, open '/app/node_modules/axios/index.js'

ERROR in ./node_modules/react-router-dom/dist/index.mjs
Module build failed (from ./node_modules/source-map-loader/dist/cjs.js):
Error: ENOENT: no such file or directory, open '/app/node_modules/react-router-dom/dist/index.mjs'

webpack compiled with 2 errors
Compiling...
Compiled successfully!
webpack compiled successfully
Compiling...
Compiled successfully!
webpack compiled successfully
